<?xml version="1.0" encoding="UTF-8"?>
<!-- Generated by org.testng.reporters.JUnitXMLReporter -->
<testsuite ignored="0" hostname="Sid-Lenovo-LOQ" failures="0" tests="3" name="Functional Tests" time="19.658" errors="0" timestamp="2025-11-09T21:24:45 IST">
  <testcase classname="com.healthcare.tests.LoginTest" name="canLoginFromHome" time="1.577"/>
  <testcase classname="com.healthcare.tests.BookingTest" name="canBookAppointment" time="2.342"/>
  <testcase classname="com.healthcare.tests.PaymentTest" name="paymentFlow_placeholder" time="0.001">
    <skipped/>
  </testcase> <!-- paymentFlow_placeholder -->
</testsuite> <!-- Functional Tests -->
