<?xml version="1.0" encoding="UTF-8"?>
<testng-results ignored="0" total="3" passed="2" failed="0" skipped="1">
  <reporter-output>
  </reporter-output>
  <suite started-at="2025-11-09T21:24:25 IST" name="Healthcare Automation Suite" finished-at="2025-11-09T21:24:45 IST" duration-ms="19658">
    <groups>
    </groups>
    <test started-at="2025-11-09T21:24:25 IST" name="Functional Tests" finished-at="2025-11-09T21:24:45 IST" duration-ms="19658">
      <class name="com.healthcare.tests.BookingTest">
        <test-method is-config="true" signature="setup()[pri:0, instance:com.healthcare.tests.BookingTest@7c729a55]" started-at="2025-11-09T21:24:32 IST" name="setup" finished-at="2025-11-09T21:24:38 IST" duration-ms="5470" status="PASS">
          <reporter-output>
          </reporter-output>
        </test-method> <!-- setup -->
        <test-method signature="canBookAppointment()[pri:0, instance:com.healthcare.tests.BookingTest@7c729a55]" started-at="2025-11-09T21:24:38 IST" name="canBookAppointment" finished-at="2025-11-09T21:24:40 IST" duration-ms="2342" status="PASS">
          <reporter-output>
          </reporter-output>
        </test-method> <!-- canBookAppointment -->
        <test-method is-config="true" signature="tearDown()[pri:0, instance:com.healthcare.tests.BookingTest@7c729a55]" started-at="2025-11-09T21:24:40 IST" name="tearDown" finished-at="2025-11-09T21:24:40 IST" duration-ms="200" status="PASS">
          <reporter-output>
          </reporter-output>
        </test-method> <!-- tearDown -->
      </class> <!-- com.healthcare.tests.BookingTest -->
      <class name="com.healthcare.tests.PaymentTest">
        <test-method is-config="true" signature="setup()[pri:0, instance:com.healthcare.tests.PaymentTest@3bb9a3ff]" started-at="2025-11-09T21:24:40 IST" name="setup" finished-at="2025-11-09T21:24:45 IST" duration-ms="4208" status="PASS">
          <reporter-output>
          </reporter-output>
        </test-method> <!-- setup -->
        <test-method signature="paymentFlow_placeholder()[pri:0, instance:com.healthcare.tests.PaymentTest@3bb9a3ff]" started-at="2025-11-09T21:24:45 IST" name="paymentFlow_placeholder" finished-at="2025-11-09T21:24:45 IST" duration-ms="1" status="SKIP">
          <exception class="org.testng.SkipException">
            <message>
              <![CDATA[Payments are not available on the demo site. This test is a placeholder to document intent.]]>
            </message>
            <full-stacktrace>
              <![CDATA[org.testng.SkipException: Payments are not available on the demo site. This test is a placeholder to document intent.
at com.healthcare.tests.PaymentTest.paymentFlow_placeholder(PaymentTest.java:11)
at java.base/jdk.internal.reflect.NativeMethodAccessorImpl.invoke0(Native Method)
at java.base/jdk.internal.reflect.NativeMethodAccessorImpl.invoke(NativeMethodAccessorImpl.java:77)
at java.base/jdk.internal.reflect.DelegatingMethodAccessorImpl.invoke(DelegatingMethodAccessorImpl.java:43)
at java.base/java.lang.reflect.Method.invoke(Method.java:569)
at org.testng.internal.invokers.MethodInvocationHelper.invokeMethod(MethodInvocationHelper.java:141)
at org.testng.internal.invokers.TestInvoker.invokeMethod(TestInvoker.java:686)
at org.testng.internal.invokers.TestInvoker.invokeTestMethod(TestInvoker.java:230)
at org.testng.internal.invokers.MethodRunner.runInSequence(MethodRunner.java:63)
at org.testng.internal.invokers.TestInvoker$MethodInvocationAgent.invoke(TestInvoker.java:992)
at org.testng.internal.invokers.TestInvoker.invokeTestMethods(TestInvoker.java:203)
at org.testng.internal.invokers.TestMethodWorker.invokeTestMethods(TestMethodWorker.java:154)
at org.testng.internal.invokers.TestMethodWorker.run(TestMethodWorker.java:134)
at java.base/java.util.ArrayList.forEach(ArrayList.java:1511)
at org.testng.TestRunner.privateRun(TestRunner.java:739)
at org.testng.TestRunner.run(TestRunner.java:614)
at org.testng.SuiteRunner.runTest(SuiteRunner.java:421)
at org.testng.SuiteRunner.runSequentially(SuiteRunner.java:413)
at org.testng.SuiteRunner.privateRun(SuiteRunner.java:373)
at org.testng.SuiteRunner.run(SuiteRunner.java:312)
at org.testng.SuiteRunnerWorker.runSuite(SuiteRunnerWorker.java:52)
at org.testng.SuiteRunnerWorker.run(SuiteRunnerWorker.java:95)
at org.testng.TestNG.runSuitesSequentially(TestNG.java:1274)
at org.testng.TestNG.runSuitesLocally(TestNG.java:1208)
at org.testng.TestNG.runSuites(TestNG.java:1112)
at org.testng.TestNG.run(TestNG.java:1079)
at org.apache.maven.surefire.testng.TestNGExecutor.run(TestNGExecutor.java:308)
at org.apache.maven.surefire.testng.TestNGXmlTestSuite.execute(TestNGXmlTestSuite.java:71)
at org.apache.maven.surefire.testng.TestNGProvider.invoke(TestNGProvider.java:113)
at org.apache.maven.surefire.booter.ForkedBooter.runSuitesInProcess(ForkedBooter.java:385)
at org.apache.maven.surefire.booter.ForkedBooter.execute(ForkedBooter.java:162)
at org.apache.maven.surefire.booter.ForkedBooter.run(ForkedBooter.java:507)
at org.apache.maven.surefire.booter.ForkedBooter.main(ForkedBooter.java:495)
]]>
            </full-stacktrace>
          </exception> <!-- org.testng.SkipException -->
          <reporter-output>
          </reporter-output>
        </test-method> <!-- paymentFlow_placeholder -->
        <test-method is-config="true" signature="tearDown()[pri:0, instance:com.healthcare.tests.PaymentTest@3bb9a3ff]" started-at="2025-11-09T21:24:45 IST" name="tearDown" finished-at="2025-11-09T21:24:45 IST" duration-ms="177" status="PASS">
          <reporter-output>
          </reporter-output>
        </test-method> <!-- tearDown -->
      </class> <!-- com.healthcare.tests.PaymentTest -->
      <class name="com.healthcare.tests.LoginTest">
        <test-method is-config="true" signature="setup()[pri:0, instance:com.healthcare.tests.LoginTest@61df66b6]" started-at="2025-11-09T21:24:25 IST" name="setup" finished-at="2025-11-09T21:24:31 IST" duration-ms="5471" status="PASS">
          <reporter-output>
          </reporter-output>
        </test-method> <!-- setup -->
        <test-method signature="canLoginFromHome()[pri:0, instance:com.healthcare.tests.LoginTest@61df66b6]" started-at="2025-11-09T21:24:31 IST" name="canLoginFromHome" finished-at="2025-11-09T21:24:32 IST" duration-ms="1577" status="PASS">
          <reporter-output>
          </reporter-output>
        </test-method> <!-- canLoginFromHome -->
        <test-method is-config="true" signature="tearDown()[pri:0, instance:com.healthcare.tests.LoginTest@61df66b6]" started-at="2025-11-09T21:24:32 IST" name="tearDown" finished-at="2025-11-09T21:24:32 IST" duration-ms="178" status="PASS">
          <reporter-output>
          </reporter-output>
        </test-method> <!-- tearDown -->
      </class> <!-- com.healthcare.tests.LoginTest -->
    </test> <!-- Functional Tests -->
  </suite> <!-- Healthcare Automation Suite -->
</testng-results>
