<?xml version="1.0" encoding="UTF-8"?>
<!-- Generated by org.testng.reporters.JUnitReportReporter -->
<testsuite hostname="Sid-Lenovo-LOQ" failures="0" tests="1" name="com.healthcare.tests.PaymentTest" time="4.386" errors="0" timestamp="2025-11-09T21:24:45 IST" skipped="1">
  <testcase classname="com.healthcare.tests.PaymentTest" name="paymentFlow_placeholder" time="4.386">
    <skipped/>
  </testcase> <!-- paymentFlow_placeholder -->
</testsuite> <!-- com.healthcare.tests.PaymentTest -->
